<?xml version="1.0" encoding="UTF-8"?>
<!-- Generated by org.testng.reporters.JUnitReportReporter -->
<testsuite skipped="0" hostname="DESKTOP-MAH8EC2" name="com.eBankingV1.Testcases.TC_AddCustomerTest_003" tests="1" failures="0" timestamp="2020-07-02T17:12:40 IST" time="33.154" errors="0">
  <testcase name="addNewCustomer" time="33.154" classname="com.eBankingV1.Testcases.TC_AddCustomerTest_003"/>
  <system-out/>
</testsuite> <!-- com.eBankingV1.Testcases.TC_AddCustomerTest_003 -->
